********************************************************************************
product = Open Liberty 21.0.0.2 (wlp-1.0.49.cl210220210209-1100)
wlp.install.dir = D:/Projects/React_OpenLiberty/guide-rest-client-reactjs/finish/target/liberty/wlp/
java.home = C:\Program Files\Java\jdk-15.0.2
java.version = 15.0.2
java.runtime = Java(TM) SE Runtime Environment (15.0.2+7-27)
os = Windows 10 (10.0; amd64) (en_US)
process = 31068@MSI
********************************************************************************
[3/10/21, 10:34:13:281 EST] 00000001 com.ibm.ws.kernel.launch.internal.FrameworkManager           A CWWKE0001I: The server defaultServer has been launched.
[3/10/21, 10:34:13:899 EST] 0000001a com.ibm.ws.config.xml.internal.ServerXMLConfiguration        A CWWKG0093A: Processing configuration drop-ins resource: D:\Projects\React_OpenLiberty\guide-rest-client-reactjs\finish\target\liberty\wlp\usr\servers\defaultServer\configDropins\overrides\liberty-plugin-variable-config.xml
[3/10/21, 10:34:14:051 EST] 00000001 com.ibm.ws.kernel.launch.internal.FrameworkManager           I CWWKE0002I: The kernel started after 1.004 seconds
[3/10/21, 10:34:14:063 EST] 00000025 com.ibm.ws.kernel.feature.internal.FeatureManager            I CWWKF0007I: Feature update started.
[3/10/21, 10:34:14:181 EST] 0000001b g.apache.cxf.cxf.core.3.2:1.0.49.cl210220210209-1100(id=92)] I Aries Blueprint packages not available. So namespaces will not be registered
[3/10/21, 10:34:14:263 EST] 0000001d com.ibm.ws.app.manager.internal.monitor.DropinMonitor        A CWWKZ0058I: Monitoring dropins for applications.
[3/10/21, 10:34:14:578 EST] 0000002e com.ibm.ws.app.manager.AppMessageHelper                      I CWWKZ0018I: Starting application guide-rest-client-reactjs.
[3/10/21, 10:34:14:580 EST] 0000002e bm.ws.app.manager.war.internal.WARDeployedAppInfoFactoryImpl I CWWKZ0134I: The guide-rest-client-reactjs application is using the loose application definition at the D:\Projects\React_OpenLiberty\guide-rest-client-reactjs\finish\target\liberty\wlp\usr\servers\defaultServer\apps\guide-rest-client-reactjs.war.xml location.
[3/10/21, 10:34:14:994 EST] 0000002e com.ibm.ws.session.WASSessionCore                            I SESN8501I: The session manager did not find a persistent storage location; HttpSession objects will be stored in the local application server's memory.
[3/10/21, 10:34:15:000 EST] 0000002e com.ibm.ws.webcontainer.osgi.webapp.WebGroup                 I SRVE0169I: Loading Web Module: Liberty Project.
[3/10/21, 10:34:15:003 EST] 0000002e com.ibm.ws.webcontainer                                      I SRVE0250I: Web Module Liberty Project has been bound to default_host.
[3/10/21, 10:34:15:004 EST] 0000002e com.ibm.ws.http.internal.VirtualHostImpl                     A CWWKT0016I: Web application available (default_host): http://msi.lan:9080/
[3/10/21, 10:34:15:043 EST] 00000033 com.ibm.ws.session.WASSessionCore                            I SESN0176I: A new session context will be created for application key default_host/
[3/10/21, 10:34:15:054 EST] 00000033 com.ibm.ws.util                                              I SESN0172I: The session manager is using the Java default SecureRandom implementation for session ID generation.
[3/10/21, 10:34:15:098 EST] 00000033 com.ibm.ws.app.manager.AppMessageHelper                      A CWWKZ0001I: Application guide-rest-client-reactjs started in 0.520 seconds.
[3/10/21, 10:34:15:122 EST] 00000025 com.ibm.ws.tcpchannel.internal.TCPPort                       I CWWKO0219I: TCP Channel defaultHttpEndpoint has been started and is now listening for requests on host *  (IPv6) port 9080.
[3/10/21, 10:34:15:141 EST] 00000025 com.ibm.ws.kernel.feature.internal.FeatureManager            A CWWKF0012I: The server installed the following features: [jaxrs-2.1, jaxrsClient-2.1, jsonp-1.1, servlet-4.0].
[3/10/21, 10:34:15:142 EST] 00000025 com.ibm.ws.kernel.feature.internal.FeatureManager            I CWWKF0008I: Feature update completed in 1.091 seconds.
[3/10/21, 10:34:15:142 EST] 00000025 com.ibm.ws.kernel.feature.internal.FeatureManager            A CWWKF0011I: The defaultServer server is ready to run a smarter planet. The defaultServer server started in 2.097 seconds.
[3/10/21, 10:34:15:158 EST] 00000034 com.ibm.ws.webcontainer.osgi.mbeans.PluginGenerator          I SRVE9103I: A configuration file for a web server plugin was automatically generated for this server at D:\Projects\React_OpenLiberty\guide-rest-client-reactjs\finish\target\liberty\wlp\usr\servers\defaultServer\logs\state\plugin-cfg.xml.
[3/10/21, 10:34:18:087 EST] 0000002f com.ibm.ws.http.internal.VirtualHostImpl                     A CWWKT0017I: Web application removed (default_host): http://msi.lan:9080/
[3/10/21, 10:34:18:121 EST] 0000002f com.ibm.ws.app.manager.AppMessageHelper                      A CWWKZ0009I: The application guide-rest-client-reactjs has stopped successfully.
[3/10/21, 10:34:18:127 EST] 0000002f com.ibm.ws.app.manager.AppMessageHelper                      I CWWKZ0018I: Starting application guide-rest-client-reactjs.
[3/10/21, 10:34:18:127 EST] 0000002f bm.ws.app.manager.war.internal.WARDeployedAppInfoFactoryImpl I CWWKZ0134I: The guide-rest-client-reactjs application is using the loose application definition at the D:\Projects\React_OpenLiberty\guide-rest-client-reactjs\finish\target\liberty\wlp\usr\servers\defaultServer\apps\guide-rest-client-reactjs.war.xml location.
[3/10/21, 10:34:18:261 EST] 0000002f com.ibm.ws.webcontainer.osgi.webapp.WebGroup                 I SRVE0169I: Loading Web Module: Liberty Project.
[3/10/21, 10:34:18:261 EST] 0000002f com.ibm.ws.webcontainer                                      I SRVE0250I: Web Module Liberty Project has been bound to default_host.
[3/10/21, 10:34:18:261 EST] 0000002f com.ibm.ws.http.internal.VirtualHostImpl                     A CWWKT0016I: Web application available (default_host): http://msi.lan:9080/
[3/10/21, 10:34:18:265 EST] 00000033 com.ibm.ws.session.WASSessionCore                            I SESN0176I: A new session context will be created for application key default_host/
[3/10/21, 10:34:18:265 EST] 00000033 com.ibm.ws.util                                              I SESN0172I: The session manager is using the Java default SecureRandom implementation for session ID generation.
[3/10/21, 10:34:18:269 EST] 00000033 com.ibm.ws.app.manager.AppMessageHelper                      A CWWKZ0003I: The application guide-rest-client-reactjs updated in 0.142 seconds.
[3/10/21, 10:34:18:390 EST] 00000035 com.ibm.ws.webcontainer.osgi.mbeans.PluginGenerator          I SRVE9103I: A configuration file for a web server plugin was automatically generated for this server at D:\Projects\React_OpenLiberty\guide-rest-client-reactjs\finish\target\liberty\wlp\usr\servers\defaultServer\logs\state\plugin-cfg.xml.
[3/10/21, 10:34:18:493 EST] 00000025 com.ibm.ws.webcontainer.osgi.mbeans.PluginGenerator          I SRVE9103I: A configuration file for a web server plugin was automatically generated for this server at D:\Projects\React_OpenLiberty\guide-rest-client-reactjs\finish\target\liberty\wlp\usr\servers\defaultServer\logs\state\plugin-cfg.xml.
[3/10/21, 10:34:35:281 EST] 0000002f com.ibm.ws.webcontainer.extension                            W SRVE0190E: File not found: /home
[3/10/21, 10:34:35:645 EST] 0000003a com.ibm.ws.webcontainer.extension                            W SRVE0190E: File not found: /logo192.png
[3/10/21, 10:42:17:396 EST] 00000016 com.ibm.ws.kernel.launch.internal.ServerCommandListener      A CWWKE0055I: Server shutdown requested on Wednesday, March 10, 2021 at 10:42 AM. The server defaultServer is shutting down.
[3/10/21, 10:42:17:399 EST] 000000a4 com.ibm.ws.runtime.update.internal.RuntimeUpdateManagerImpl  A CWWKE1100I: Waiting for up to 30 seconds for the server to quiesce.
[3/10/21, 10:42:17:404 EST] 00000094 com.ibm.ws.tcpchannel.internal.TCPChannel                    I CWWKO0220I: TCP Channel defaultHttpEndpoint has stopped listening for requests on host *  (IPv6) port 9080.
[3/10/21, 10:42:17:404 EST] 00000094 com.ibm.ws.http.internal.VirtualHostImpl                     A CWWKT0017I: Web application removed (default_host): http://msi.lan:9080/
[3/10/21, 10:42:17:408 EST] 000000a4 com.ibm.ws.runtime.update.internal.RuntimeUpdateManagerImpl  I CWWKE1101I: Server quiesce complete.
[3/10/21, 10:42:17:429 EST] 00000074 com.ibm.ws.app.manager.AppMessageHelper                      A CWWKZ0009I: The application guide-rest-client-reactjs has stopped successfully.
[3/10/21, 10:42:17:749 EST] 00000001 com.ibm.ws.kernel.launch.internal.FrameworkManager           A CWWKE0036I: The server defaultServer stopped after 8 minutes, 4.704 seconds.
